<?xml version="1.0" encoding="UTF-8"?>
<!-- Generated by org.testng.reporters.JUnitReportReporter -->
<testsuite hostname="sakshi" failures="0" tests="1" name="testNGXML.Amazon" time="10.088" errors="0" timestamp="2024-07-22T18:25:55 IST" skipped="0">
  <testcase classname="testNGXML.Amazon" name="AmazonTest" time="10.088"/>
</testsuite> <!-- testNGXML.Amazon -->
