<?xml version="1.0" encoding="UTF-8"?>
<!-- Generated by org.testng.reporters.JUnitReportReporter -->
<testsuite hostname="sakshi" failures="0" tests="1" name="testNG.NewTest" time="0.016" errors="0" timestamp="2024-07-12T07:28:36 IST" skipped="0">
  <testcase classname="testNG.NewTest" name="f" time="0.016"/>
</testsuite> <!-- testNG.NewTest -->
