<?xml version="1.0" encoding="UTF-8"?>
<!-- Generated by org.testng.reporters.JUnitReportReporter -->
<testsuite hostname="sakshi" failures="0" tests="4" name="testNG.InvocationCountTest" time="0.026" errors="0" timestamp="2024-07-19T20:13:06 IST" skipped="0">
  <testcase classname="testNG.InvocationCountTest" name="mytest" time="0.002">
    <system-out>
      <![CDATA[My test id rinning]]>
    </system-out>
  </testcase> <!-- mytest -->
  <testcase classname="testNG.InvocationCountTest" name="mytest" time="0.010">
    <system-out>
      <![CDATA[My test id rinning]]>
    </system-out>
  </testcase> <!-- mytest -->
  <testcase classname="testNG.InvocationCountTest" name="mytest" time="0.013">
    <system-out>
      <![CDATA[My test id rinning]]>
    </system-out>
  </testcase> <!-- mytest -->
  <testcase classname="testNG.InvocationCountTest" name="mytest" time="0.001">
    <system-out>
      <![CDATA[My test id rinning]]>
    </system-out>
  </testcase> <!-- mytest -->
  <system-out>
    <![CDATA[My test id rinning
My test id rinning
My test id rinning
My test id rinning]]>
  </system-out>
</testsuite> <!-- testNG.InvocationCountTest -->
