<?xml version="1.0" encoding="UTF-8"?>
<!-- Generated by org.testng.reporters.JUnitReportReporter -->
<testsuite hostname="sakshi" failures="0" tests="4" name="testNG.xml.Test1" time="0.023" errors="0" timestamp="2024-07-20T13:14:20 IST" skipped="0">
  <testcase classname="testNG.xml.Test1" name="C" time="0.021">
    <system-out>
      <![CDATA[C is running]]>
    </system-out>
  </testcase> <!-- C -->
  <testcase classname="testNG.xml.Test1" name="a" time="0.002">
    <system-out>
      <![CDATA[A is running]]>
    </system-out>
  </testcase> <!-- a -->
  <testcase classname="testNG.xml.Test1" name="d" time="0.000">
    <system-out>
      <![CDATA[D is running]]>
    </system-out>
  </testcase> <!-- d -->
  <testcase classname="testNG.xml.Test1" name="b" time="0.000">
    <system-out>
      <![CDATA[B is running]]>
    </system-out>
  </testcase> <!-- b -->
  <system-out>
    <![CDATA[C is running
A is running
B is running
D is running]]>
  </system-out>
</testsuite> <!-- testNG.xml.Test1 -->
