<?xml version="1.0" encoding="UTF-8"?>
<!-- Generated by org.testng.reporters.JUnitReportReporter -->
<testsuite hostname="sakshi" failures="0" tests="1" name="testNGXML.Ajio" time="5.045" errors="0" timestamp="2024-07-22T18:29:09 IST" skipped="0">
  <testcase classname="testNGXML.Ajio" name="AjioTest" time="5.045"/>
</testsuite> <!-- testNGXML.Ajio -->
