<?xml version="1.0" encoding="UTF-8"?>
<!-- Generated by org.testng.reporters.JUnitReportReporter -->
<testsuite hostname="sakshi" failures="0" tests="1" name="testNGXML.FB" time="10.826" errors="0" timestamp="2024-07-22T18:18:55 IST" skipped="0">
  <testcase classname="testNGXML.FB" name="facebook" time="10.826"/>
</testsuite> <!-- testNGXML.FB -->
