<?xml version="1.0" encoding="UTF-8"?>
<!-- Generated by org.testng.reporters.JUnitReportReporter -->
<testsuite hostname="sakshi" failures="0" tests="2" name="testNG.BeforeAfterMethod" time="0.025" errors="0" timestamp="2024-07-13T19:17:54 IST" skipped="0">
  <testcase classname="testNG.BeforeAfterMethod" name="f2" time="0.015">
    <system-out>
      <![CDATA[Test Method2 is running]]>
    </system-out>
  </testcase> <!-- f2 -->
  <testcase classname="testNG.BeforeAfterMethod" name="f1" time="0.010">
    <system-out>
      <![CDATA[Test Method1 is running]]>
    </system-out>
  </testcase> <!-- f1 -->
  <system-out>
    <![CDATA[before method is running
Test Method1 is running
after method is running
before method is running
Test Method2 is running
after method is running]]>
  </system-out>
</testsuite> <!-- testNG.BeforeAfterMethod -->
